android/app/build/intermediates/manifest_merge_blame_file/debug/processDebugMainManifest/manifest-merger-blame-debug-report.txt
1<?xml version="1.0" encoding="utf-8"?>
2<manifest xmlns:android="http://schemas.android.com/apk/res/android"
3    package="com.example.habit_tracker"
4    android:versionCode="1"
5    android:versionName="1.0.0" >
6
7    <uses-sdk
8        android:minSdkVersion="23"
9        android:targetSdkVersion="35" />
10    <!--
11         The INTERNET permission is required for development. Specifically,
12         the Flutter tool needs it to communicate with the running application
13         to allow setting breakpoints, to provide hot reload, etc.
14    -->
15    <uses-permission android:name="android.permission.INTERNET" />
15-->src\debug\AndroidManifest.xml:6:5-66
15-->src\debug\AndroidManifest.xml:6:22-64
16    <!--
17     Required to query activities that can process text, see:
18         https://developer.android.com/training/package-visibility and
19         https://developer.android.com/reference/android/content/Intent#ACTION_PROCESS_TEXT.
20
21         In particular, this is used by the Flutter engine in io.flutter.plugin.text.ProcessTextPlugin.
22    -->
23    <queries>
23-->src\main\AndroidManifest.xml:39:5-44:15
24        <intent>
24-->src\main\AndroidManifest.xml:40:9-43:18
25            <action android:name="android.intent.action.PROCESS_TEXT" />
25-->src\main\AndroidManifest.xml:41:13-72
25-->src\main\AndroidManifest.xml:41:21-70
26
27            <data android:mimeType="text/plain" />
27-->src\main\AndroidManifest.xml:42:13-50
27-->src\main\AndroidManifest.xml:42:19-48
28        </intent>
29    </queries> <!-- Although the *SdkVersion is captured in gradle build files, this is required for non gradle builds -->
30    <!-- <uses-sdk android:minSdkVersion="21" /> -->
31    <uses-permission android:name="android.permission.ACCESS_NETWORK_STATE" />
31-->[com.google.firebase:firebase-firestore:25.0.0] AndroidManifest.xml:10:5-79
31-->[com.google.firebase:firebase-firestore:25.0.0] AndroidManifest.xml:10:22-76
32    <uses-permission android:name="android.permission.WAKE_LOCK" />
32-->[com.google.android.gms:play-services-measurement-api:22.0.1] AndroidManifest.xml:24:5-68
32-->[com.google.android.gms:play-services-measurement-api:22.0.1] AndroidManifest.xml:24:22-65
33    <uses-permission android:name="com.google.android.gms.permission.AD_ID" />
33-->[com.google.android.gms:play-services-measurement-api:22.0.1] AndroidManifest.xml:25:5-79
33-->[com.google.android.gms:play-services-measurement-api:22.0.1] AndroidManifest.xml:25:22-76
34    <uses-permission android:name="android.permission.ACCESS_ADSERVICES_ATTRIBUTION" />
34-->[com.google.android.gms:play-services-measurement-api:22.0.1] AndroidManifest.xml:26:5-88
34-->[com.google.android.gms:play-services-measurement-api:22.0.1] AndroidManifest.xml:26:22-85
35    <uses-permission android:name="android.permission.ACCESS_ADSERVICES_AD_ID" />
35-->[com.google.android.gms:play-services-measurement-api:22.0.1] AndroidManifest.xml:27:5-82
35-->[com.google.android.gms:play-services-measurement-api:22.0.1] AndroidManifest.xml:27:22-79
36    <uses-permission android:name="com.google.android.providers.gsf.permission.READ_GSERVICES" />
36-->[com.google.android.recaptcha:recaptcha:18.4.0] AndroidManifest.xml:9:5-98
36-->[com.google.android.recaptcha:recaptcha:18.4.0] AndroidManifest.xml:9:22-95
37    <uses-permission android:name="android.permission.RECEIVE_BOOT_COMPLETED" />
37-->[:flutter_local_notifications] AndroidManifest.xml:7:5-81
37-->[:flutter_local_notifications] AndroidManifest.xml:7:22-78
38    <uses-permission android:name="android.permission.VIBRATE" />
38-->[:flutter_local_notifications] AndroidManifest.xml:8:5-66
38-->[:flutter_local_notifications] AndroidManifest.xml:8:22-63
39    <uses-permission android:name="android.permission.USE_FULL_SCREEN_INTENT" />
39-->[:flutter_local_notifications] AndroidManifest.xml:9:5-81
39-->[:flutter_local_notifications] AndroidManifest.xml:9:22-78
40    <uses-permission android:name="android.permission.SCHEDULE_EXACT_ALARM" />
40-->[:flutter_local_notifications] AndroidManifest.xml:10:5-79
40-->[:flutter_local_notifications] AndroidManifest.xml:10:22-76
41    <uses-permission android:name="android.permission.POST_NOTIFICATIONS" />
41-->[:flutter_local_notifications] AndroidManifest.xml:11:5-77
41-->[:flutter_local_notifications] AndroidManifest.xml:11:22-74
42    <uses-permission android:name="com.google.android.finsky.permission.BIND_GET_INSTALL_REFERRER_SERVICE" />
42-->[com.google.android.gms:play-services-measurement:22.0.1] AndroidManifest.xml:26:5-110
42-->[com.google.android.gms:play-services-measurement:22.0.1] AndroidManifest.xml:26:22-107
43
44    <permission
44-->[androidx.core:core:1.13.1] AndroidManifest.xml:22:5-24:47
45        android:name="com.example.habit_tracker.DYNAMIC_RECEIVER_NOT_EXPORTED_PERMISSION"
45-->[androidx.core:core:1.13.1] AndroidManifest.xml:23:9-81
46        android:protectionLevel="signature" />
46-->[androidx.core:core:1.13.1] AndroidManifest.xml:24:9-44
47
48    <uses-permission android:name="com.example.habit_tracker.DYNAMIC_RECEIVER_NOT_EXPORTED_PERMISSION" />
48-->[androidx.core:core:1.13.1] AndroidManifest.xml:26:5-97
48-->[androidx.core:core:1.13.1] AndroidManifest.xml:26:22-94
49
50    <application
51        android:name="android.app.Application"
52        android:appComponentFactory="androidx.core.app.CoreComponentFactory"
52-->[androidx.core:core:1.13.1] AndroidManifest.xml:28:18-86
53        android:debuggable="true"
54        android:extractNativeLibs="false"
55        android:icon="@mipmap/ic_launcher"
56        android:label="habit_tracker" >
57        <activity
58            android:name="com.example.habit_tracker.MainActivity"
59            android:configChanges="orientation|keyboardHidden|keyboard|screenSize|smallestScreenSize|locale|layoutDirection|fontScale|screenLayout|density|uiMode"
60            android:exported="true"
61            android:hardwareAccelerated="true"
62            android:launchMode="singleTop"
63            android:taskAffinity=""
64            android:theme="@style/LaunchTheme"
65            android:windowSoftInputMode="adjustResize" >
66
67            <!--
68                 Specifies an Android theme to apply to this Activity as soon as
69                 the Android process has started. This theme is visible to the user
70                 while the Flutter UI initializes. After that, this theme continues
71                 to determine the Window background behind the Flutter UI.
72            -->
73            <meta-data
74                android:name="io.flutter.embedding.android.NormalTheme"
75                android:resource="@style/NormalTheme" />
76
77            <intent-filter>
78                <action android:name="android.intent.action.MAIN" />
79
80                <category android:name="android.intent.category.LAUNCHER" />
81            </intent-filter>
82        </activity>
83        <!--
84             Don't delete the meta-data below.
85             This is used by the Flutter tool to generate GeneratedPluginRegistrant.java
86        -->
87        <meta-data
88            android:name="flutterEmbedding"
89            android:value="2" />
90
91        <service
91-->[:cloud_firestore] AndroidManifest.xml:8:9-12:19
92            android:name="com.google.firebase.components.ComponentDiscoveryService"
92-->[:cloud_firestore] AndroidManifest.xml:8:18-89
93            android:directBootAware="true"
93-->[com.google.firebase:firebase-common:21.0.0] AndroidManifest.xml:32:13-43
94            android:exported="false" >
94-->[com.google.firebase:firebase-firestore:25.0.0] AndroidManifest.xml:16:13-37
95            <meta-data
95-->[:cloud_firestore] AndroidManifest.xml:9:13-11:85
96                android:name="com.google.firebase.components:io.flutter.plugins.firebase.firestore.FlutterFirebaseFirestoreRegistrar"
96-->[:cloud_firestore] AndroidManifest.xml:10:17-134
97                android:value="com.google.firebase.components.ComponentRegistrar" />
97-->[:cloud_firestore] AndroidManifest.xml:11:17-82
98            <meta-data
98-->[:firebase_auth] AndroidManifest.xml:9:13-11:85
99                android:name="com.google.firebase.components:io.flutter.plugins.firebase.auth.FlutterFirebaseAuthRegistrar"
99-->[:firebase_auth] AndroidManifest.xml:10:17-124
100                android:value="com.google.firebase.components.ComponentRegistrar" />
100-->[:firebase_auth] AndroidManifest.xml:11:17-82
101            <meta-data
101-->[:firebase_core] AndroidManifest.xml:9:13-11:85
102                android:name="com.google.firebase.components:io.flutter.plugins.firebase.core.FlutterFirebaseCoreRegistrar"
102-->[:firebase_core] AndroidManifest.xml:10:17-124
103                android:value="com.google.firebase.components.ComponentRegistrar" />
103-->[:firebase_core] AndroidManifest.xml:11:17-82
104            <meta-data
104-->[com.google.firebase:firebase-firestore:25.0.0] AndroidManifest.xml:17:13-19:85
105                android:name="com.google.firebase.components:com.google.firebase.firestore.FirebaseFirestoreKtxRegistrar"
105-->[com.google.firebase:firebase-firestore:25.0.0] AndroidManifest.xml:18:17-122
106                android:value="com.google.firebase.components.ComponentRegistrar" />
106-->[com.google.firebase:firebase-firestore:25.0.0] AndroidManifest.xml:19:17-82
107            <meta-data
107-->[com.google.firebase:firebase-firestore:25.0.0] AndroidManifest.xml:20:13-22:85
108                android:name="com.google.firebase.components:com.google.firebase.firestore.FirestoreRegistrar"
108-->[com.google.firebase:firebase-firestore:25.0.0] AndroidManifest.xml:21:17-111
109                android:value="com.google.firebase.components.ComponentRegistrar" />
109-->[com.google.firebase:firebase-firestore:25.0.0] AndroidManifest.xml:22:17-82
110            <meta-data
110-->[com.google.android.gms:play-services-measurement-api:22.0.1] AndroidManifest.xml:37:13-39:85
111                android:name="com.google.firebase.components:com.google.firebase.analytics.connector.internal.AnalyticsConnectorRegistrar"
111-->[com.google.android.gms:play-services-measurement-api:22.0.1] AndroidManifest.xml:38:17-139
112                android:value="com.google.firebase.components.ComponentRegistrar" />
112-->[com.google.android.gms:play-services-measurement-api:22.0.1] AndroidManifest.xml:39:17-82
113            <meta-data
113-->[com.google.firebase:firebase-installations:18.0.0] AndroidManifest.xml:15:13-17:85
114                android:name="com.google.firebase.components:com.google.firebase.installations.FirebaseInstallationsKtxRegistrar"
114-->[com.google.firebase:firebase-installations:18.0.0] AndroidManifest.xml:16:17-130
115                android:value="com.google.firebase.components.ComponentRegistrar" />
115-->[com.google.firebase:firebase-installations:18.0.0] AndroidManifest.xml:17:17-82
116            <meta-data
116-->[com.google.firebase:firebase-installations:18.0.0] AndroidManifest.xml:18:13-20:85
117                android:name="com.google.firebase.components:com.google.firebase.installations.FirebaseInstallationsRegistrar"
117-->[com.google.firebase:firebase-installations:18.0.0] AndroidManifest.xml:19:17-127
118                android:value="com.google.firebase.components.ComponentRegistrar" />
118-->[com.google.firebase:firebase-installations:18.0.0] AndroidManifest.xml:20:17-82
119            <meta-data
119-->[com.google.firebase:firebase-common-ktx:21.0.0] AndroidManifest.xml:12:13-14:85
120                android:name="com.google.firebase.components:com.google.firebase.ktx.FirebaseCommonLegacyRegistrar"
120-->[com.google.firebase:firebase-common-ktx:21.0.0] AndroidManifest.xml:13:17-116
121                android:value="com.google.firebase.components.ComponentRegistrar" />
121-->[com.google.firebase:firebase-common-ktx:21.0.0] AndroidManifest.xml:14:17-82
122            <meta-data
122-->[com.google.firebase:firebase-auth:23.0.0] AndroidManifest.xml:69:13-71:85
123                android:name="com.google.firebase.components:com.google.firebase.auth.FirebaseAuthRegistrar"
123-->[com.google.firebase:firebase-auth:23.0.0] AndroidManifest.xml:70:17-109
124                android:value="com.google.firebase.components.ComponentRegistrar" />
124-->[com.google.firebase:firebase-auth:23.0.0] AndroidManifest.xml:71:17-82
125            <meta-data
125-->[com.google.firebase:firebase-common:21.0.0] AndroidManifest.xml:35:13-37:85
126                android:name="com.google.firebase.components:com.google.firebase.FirebaseCommonKtxRegistrar"
126-->[com.google.firebase:firebase-common:21.0.0] AndroidManifest.xml:36:17-109
127                android:value="com.google.firebase.components.ComponentRegistrar" />
127-->[com.google.firebase:firebase-common:21.0.0] AndroidManifest.xml:37:17-82
128        </service>
129
130        <property
130-->[com.google.android.gms:play-services-measurement-api:22.0.1] AndroidManifest.xml:30:9-32:61
131            android:name="android.adservices.AD_SERVICES_CONFIG"
131-->[com.google.android.gms:play-services-measurement-api:22.0.1] AndroidManifest.xml:31:13-65
132            android:resource="@xml/ga_ad_services_config" />
132-->[com.google.android.gms:play-services-measurement-api:22.0.1] AndroidManifest.xml:32:13-58
133
134        <activity
134-->[com.google.firebase:firebase-auth:23.0.0] AndroidManifest.xml:29:9-46:20
135            android:name="com.google.firebase.auth.internal.GenericIdpActivity"
135-->[com.google.firebase:firebase-auth:23.0.0] AndroidManifest.xml:30:13-80
136            android:excludeFromRecents="true"
136-->[com.google.firebase:firebase-auth:23.0.0] AndroidManifest.xml:31:13-46
137            android:exported="true"
137-->[com.google.firebase:firebase-auth:23.0.0] AndroidManifest.xml:32:13-36
138            android:launchMode="singleTask"
138-->[com.google.firebase:firebase-auth:23.0.0] AndroidManifest.xml:33:13-44
139            android:theme="@android:style/Theme.Translucent.NoTitleBar" >
139-->[com.google.firebase:firebase-auth:23.0.0] AndroidManifest.xml:34:13-72
140            <intent-filter>
140-->[com.google.firebase:firebase-auth:23.0.0] AndroidManifest.xml:35:13-45:29
141                <action android:name="android.intent.action.VIEW" />
141-->[com.google.firebase:firebase-auth:23.0.0] AndroidManifest.xml:36:17-69
141-->[com.google.firebase:firebase-auth:23.0.0] AndroidManifest.xml:36:25-66
142
143                <category android:name="android.intent.category.DEFAULT" />
143-->[com.google.firebase:firebase-auth:23.0.0] AndroidManifest.xml:38:17-76
143-->[com.google.firebase:firebase-auth:23.0.0] AndroidManifest.xml:38:27-73
144                <category android:name="android.intent.category.BROWSABLE" />
144-->[com.google.firebase:firebase-auth:23.0.0] AndroidManifest.xml:39:17-78
144-->[com.google.firebase:firebase-auth:23.0.0] AndroidManifest.xml:39:27-75
145
146                <data
146-->src\main\AndroidManifest.xml:42:13-50
147                    android:host="firebase.auth"
148                    android:path="/"
149                    android:scheme="genericidp" />
150            </intent-filter>
151        </activity>
152        <activity
152-->[com.google.firebase:firebase-auth:23.0.0] AndroidManifest.xml:47:9-64:20
153            android:name="com.google.firebase.auth.internal.RecaptchaActivity"
153-->[com.google.firebase:firebase-auth:23.0.0] AndroidManifest.xml:48:13-79
154            android:excludeFromRecents="true"
154-->[com.google.firebase:firebase-auth:23.0.0] AndroidManifest.xml:49:13-46
155            android:exported="true"
155-->[com.google.firebase:firebase-auth:23.0.0] AndroidManifest.xml:50:13-36
156            android:launchMode="singleTask"
156-->[com.google.firebase:firebase-auth:23.0.0] AndroidManifest.xml:51:13-44
157            android:theme="@android:style/Theme.Translucent.NoTitleBar" >
157-->[com.google.firebase:firebase-auth:23.0.0] AndroidManifest.xml:52:13-72
158            <intent-filter>
158-->[com.google.firebase:firebase-auth:23.0.0] AndroidManifest.xml:53:13-63:29
159                <action android:name="android.intent.action.VIEW" />
159-->[com.google.firebase:firebase-auth:23.0.0] AndroidManifest.xml:36:17-69
159-->[com.google.firebase:firebase-auth:23.0.0] AndroidManifest.xml:36:25-66
160
161                <category android:name="android.intent.category.DEFAULT" />
161-->[com.google.firebase:firebase-auth:23.0.0] AndroidManifest.xml:38:17-76
161-->[com.google.firebase:firebase-auth:23.0.0] AndroidManifest.xml:38:27-73
162                <category android:name="android.intent.category.BROWSABLE" />
162-->[com.google.firebase:firebase-auth:23.0.0] AndroidManifest.xml:39:17-78
162-->[com.google.firebase:firebase-auth:23.0.0] AndroidManifest.xml:39:27-75
163
164                <data
164-->src\main\AndroidManifest.xml:42:13-50
165                    android:host="firebase.auth"
166                    android:path="/"
167                    android:scheme="recaptcha" />
168            </intent-filter>
169        </activity>
170
171        <service
171-->[androidx.credentials:credentials-play-services-auth:1.2.0-rc01] AndroidManifest.xml:24:9-32:19
172            android:name="androidx.credentials.playservices.CredentialProviderMetadataHolder"
172-->[androidx.credentials:credentials-play-services-auth:1.2.0-rc01] AndroidManifest.xml:25:13-94
173            android:enabled="true"
173-->[androidx.credentials:credentials-play-services-auth:1.2.0-rc01] AndroidManifest.xml:26:13-35
174            android:exported="false" >
174-->[androidx.credentials:credentials-play-services-auth:1.2.0-rc01] AndroidManifest.xml:27:13-37
175            <meta-data
175-->[androidx.credentials:credentials-play-services-auth:1.2.0-rc01] AndroidManifest.xml:29:13-31:104
176                android:name="androidx.credentials.CREDENTIAL_PROVIDER_KEY"
176-->[androidx.credentials:credentials-play-services-auth:1.2.0-rc01] AndroidManifest.xml:30:17-76
177                android:value="androidx.credentials.playservices.CredentialProviderPlayServicesImpl" />
177-->[androidx.credentials:credentials-play-services-auth:1.2.0-rc01] AndroidManifest.xml:31:17-101
178        </service>
179
180        <activity
180-->[androidx.credentials:credentials-play-services-auth:1.2.0-rc01] AndroidManifest.xml:34:9-41:20
181            android:name="androidx.credentials.playservices.HiddenActivity"
181-->[androidx.credentials:credentials-play-services-auth:1.2.0-rc01] AndroidManifest.xml:35:13-76
182            android:configChanges="orientation|screenSize|screenLayout|keyboardHidden"
182-->[androidx.credentials:credentials-play-services-auth:1.2.0-rc01] AndroidManifest.xml:36:13-87
183            android:enabled="true"
183-->[androidx.credentials:credentials-play-services-auth:1.2.0-rc01] AndroidManifest.xml:37:13-35
184            android:exported="false"
184-->[androidx.credentials:credentials-play-services-auth:1.2.0-rc01] AndroidManifest.xml:38:13-37
185            android:fitsSystemWindows="true"
185-->[androidx.credentials:credentials-play-services-auth:1.2.0-rc01] AndroidManifest.xml:39:13-45
186            android:theme="@style/Theme.Hidden" >
186-->[androidx.credentials:credentials-play-services-auth:1.2.0-rc01] AndroidManifest.xml:40:13-48
187        </activity>
188
189        <receiver
189-->[:flutter_local_notifications] AndroidManifest.xml:14:9-16:40
190            android:name="com.dexterous.flutterlocalnotifications.ActionBroadcastReceiver"
190-->[:flutter_local_notifications] AndroidManifest.xml:15:13-91
191            android:exported="false" />
191-->[:flutter_local_notifications] AndroidManifest.xml:16:13-37
192        <receiver
192-->[:flutter_local_notifications] AndroidManifest.xml:17:9-19:40
193            android:name="com.dexterous.flutterlocalnotifications.ScheduledNotificationReceiver"
193-->[:flutter_local_notifications] AndroidManifest.xml:18:13-97
194            android:exported="false" />
194-->[:flutter_local_notifications] AndroidManifest.xml:19:13-37
195        <receiver
195-->[:flutter_local_notifications] AndroidManifest.xml:20:9-29:20
196            android:name="com.dexterous.flutterlocalnotifications.ScheduledNotificationBootReceiver"
196-->[:flutter_local_notifications] AndroidManifest.xml:21:13-101
197            android:exported="false" >
197-->[:flutter_local_notifications] AndroidManifest.xml:22:13-37
198            <intent-filter>
198-->[:flutter_local_notifications] AndroidManifest.xml:23:13-28:29
199                <action android:name="android.intent.action.BOOT_COMPLETED" />
199-->[:flutter_local_notifications] AndroidManifest.xml:24:17-79
199-->[:flutter_local_notifications] AndroidManifest.xml:24:25-76
200                <action android:name="android.intent.action.MY_PACKAGE_REPLACED" />
200-->[:flutter_local_notifications] AndroidManifest.xml:25:17-84
200-->[:flutter_local_notifications] AndroidManifest.xml:25:25-81
201                <action android:name="android.intent.action.QUICKBOOT_POWERON" />
201-->[:flutter_local_notifications] AndroidManifest.xml:26:17-82
201-->[:flutter_local_notifications] AndroidManifest.xml:26:25-79
202                <action android:name="com.htc.intent.action.QUICKBOOT_POWERON" />
202-->[:flutter_local_notifications] AndroidManifest.xml:27:17-82
202-->[:flutter_local_notifications] AndroidManifest.xml:27:25-79
203            </intent-filter>
204        </receiver>
205
206        <activity
206-->[com.google.android.gms:play-services-auth:21.0.0] AndroidManifest.xml:23:9-27:75
207            android:name="com.google.android.gms.auth.api.signin.internal.SignInHubActivity"
207-->[com.google.android.gms:play-services-auth:21.0.0] AndroidManifest.xml:24:13-93
208            android:excludeFromRecents="true"
208-->[com.google.android.gms:play-services-auth:21.0.0] AndroidManifest.xml:25:13-46
209            android:exported="false"
209-->[com.google.android.gms:play-services-auth:21.0.0] AndroidManifest.xml:26:13-37
210            android:theme="@android:style/Theme.Translucent.NoTitleBar" />
210-->[com.google.android.gms:play-services-auth:21.0.0] AndroidManifest.xml:27:13-72
211        <!--
212            Service handling Google Sign-In user revocation. For apps that do not integrate with
213            Google Sign-In, this service will never be started.
214        -->
215        <service
215-->[com.google.android.gms:play-services-auth:21.0.0] AndroidManifest.xml:33:9-37:51
216            android:name="com.google.android.gms.auth.api.signin.RevocationBoundService"
216-->[com.google.android.gms:play-services-auth:21.0.0] AndroidManifest.xml:34:13-89
217            android:exported="true"
217-->[com.google.android.gms:play-services-auth:21.0.0] AndroidManifest.xml:35:13-36
218            android:permission="com.google.android.gms.auth.api.signin.permission.REVOCATION_NOTIFICATION"
218-->[com.google.android.gms:play-services-auth:21.0.0] AndroidManifest.xml:36:13-107
219            android:visibleToInstantApps="true" />
219-->[com.google.android.gms:play-services-auth:21.0.0] AndroidManifest.xml:37:13-48
220
221        <receiver
221-->[com.google.android.gms:play-services-measurement:22.0.1] AndroidManifest.xml:29:9-33:20
222            android:name="com.google.android.gms.measurement.AppMeasurementReceiver"
222-->[com.google.android.gms:play-services-measurement:22.0.1] AndroidManifest.xml:30:13-85
223            android:enabled="true"
223-->[com.google.android.gms:play-services-measurement:22.0.1] AndroidManifest.xml:31:13-35
224            android:exported="false" >
224-->[com.google.android.gms:play-services-measurement:22.0.1] AndroidManifest.xml:32:13-37
225        </receiver>
226
227        <service
227-->[com.google.android.gms:play-services-measurement:22.0.1] AndroidManifest.xml:35:9-38:40
228            android:name="com.google.android.gms.measurement.AppMeasurementService"
228-->[com.google.android.gms:play-services-measurement:22.0.1] AndroidManifest.xml:36:13-84
229            android:enabled="true"
229-->[com.google.android.gms:play-services-measurement:22.0.1] AndroidManifest.xml:37:13-35
230            android:exported="false" />
230-->[com.google.android.gms:play-services-measurement:22.0.1] AndroidManifest.xml:38:13-37
231        <service
231-->[com.google.android.gms:play-services-measurement:22.0.1] AndroidManifest.xml:39:9-43:72
232            android:name="com.google.android.gms.measurement.AppMeasurementJobService"
232-->[com.google.android.gms:play-services-measurement:22.0.1] AndroidManifest.xml:40:13-87
233            android:enabled="true"
233-->[com.google.android.gms:play-services-measurement:22.0.1] AndroidManifest.xml:41:13-35
234            android:exported="false"
234-->[com.google.android.gms:play-services-measurement:22.0.1] AndroidManifest.xml:42:13-37
235            android:permission="android.permission.BIND_JOB_SERVICE" />
235-->[com.google.android.gms:play-services-measurement:22.0.1] AndroidManifest.xml:43:13-69
236
237        <provider
237-->[com.google.firebase:firebase-common:21.0.0] AndroidManifest.xml:23:9-28:39
238            android:name="com.google.firebase.provider.FirebaseInitProvider"
238-->[com.google.firebase:firebase-common:21.0.0] AndroidManifest.xml:24:13-77
239            android:authorities="com.example.habit_tracker.firebaseinitprovider"
239-->[com.google.firebase:firebase-common:21.0.0] AndroidManifest.xml:25:13-72
240            android:directBootAware="true"
240-->[com.google.firebase:firebase-common:21.0.0] AndroidManifest.xml:26:13-43
241            android:exported="false"
241-->[com.google.firebase:firebase-common:21.0.0] AndroidManifest.xml:27:13-37
242            android:initOrder="100" />
242-->[com.google.firebase:firebase-common:21.0.0] AndroidManifest.xml:28:13-36
243
244        <activity
244-->[com.google.android.gms:play-services-base:18.0.1] AndroidManifest.xml:20:9-22:45
245            android:name="com.google.android.gms.common.api.GoogleApiActivity"
245-->[com.google.android.gms:play-services-base:18.0.1] AndroidManifest.xml:20:19-85
246            android:exported="false"
246-->[com.google.android.gms:play-services-base:18.0.1] AndroidManifest.xml:22:19-43
247            android:theme="@android:style/Theme.Translucent.NoTitleBar" />
247-->[com.google.android.gms:play-services-base:18.0.1] AndroidManifest.xml:21:19-78
248
249        <uses-library
249-->[androidx.window:window:1.2.0] AndroidManifest.xml:23:9-25:40
250            android:name="androidx.window.extensions"
250-->[androidx.window:window:1.2.0] AndroidManifest.xml:24:13-54
251            android:required="false" />
251-->[androidx.window:window:1.2.0] AndroidManifest.xml:25:13-37
252        <uses-library
252-->[androidx.window:window:1.2.0] AndroidManifest.xml:26:9-28:40
253            android:name="androidx.window.sidecar"
253-->[androidx.window:window:1.2.0] AndroidManifest.xml:27:13-51
254            android:required="false" />
254-->[androidx.window:window:1.2.0] AndroidManifest.xml:28:13-37
255        <uses-library
255-->[androidx.privacysandbox.ads:ads-adservices:1.0.0-beta05] AndroidManifest.xml:23:9-25:40
256            android:name="android.ext.adservices"
256-->[androidx.privacysandbox.ads:ads-adservices:1.0.0-beta05] AndroidManifest.xml:24:13-50
257            android:required="false" />
257-->[androidx.privacysandbox.ads:ads-adservices:1.0.0-beta05] AndroidManifest.xml:25:13-37
258
259        <meta-data
259-->[com.google.android.gms:play-services-basement:18.3.0] AndroidManifest.xml:21:9-23:69
260            android:name="com.google.android.gms.version"
260-->[com.google.android.gms:play-services-basement:18.3.0] AndroidManifest.xml:22:13-58
261            android:value="@integer/google_play_services_version" />
261-->[com.google.android.gms:play-services-basement:18.3.0] AndroidManifest.xml:23:13-66
262
263        <provider
263-->[androidx.lifecycle:lifecycle-process:2.7.0] AndroidManifest.xml:24:9-32:20
264            android:name="androidx.startup.InitializationProvider"
264-->[androidx.lifecycle:lifecycle-process:2.7.0] AndroidManifest.xml:25:13-67
265            android:authorities="com.example.habit_tracker.androidx-startup"
265-->[androidx.lifecycle:lifecycle-process:2.7.0] AndroidManifest.xml:26:13-68
266            android:exported="false" >
266-->[androidx.lifecycle:lifecycle-process:2.7.0] AndroidManifest.xml:27:13-37
267            <meta-data
267-->[androidx.lifecycle:lifecycle-process:2.7.0] AndroidManifest.xml:29:13-31:52
268                android:name="androidx.lifecycle.ProcessLifecycleInitializer"
268-->[androidx.lifecycle:lifecycle-process:2.7.0] AndroidManifest.xml:30:17-78
269                android:value="androidx.startup" />
269-->[androidx.lifecycle:lifecycle-process:2.7.0] AndroidManifest.xml:31:17-49
270            <meta-data
270-->[androidx.profileinstaller:profileinstaller:1.3.1] AndroidManifest.xml:29:13-31:52
271                android:name="androidx.profileinstaller.ProfileInstallerInitializer"
271-->[androidx.profileinstaller:profileinstaller:1.3.1] AndroidManifest.xml:30:17-85
272                android:value="androidx.startup" />
272-->[androidx.profileinstaller:profileinstaller:1.3.1] AndroidManifest.xml:31:17-49
273        </provider>
274
275        <receiver
275-->[androidx.profileinstaller:profileinstaller:1.3.1] AndroidManifest.xml:34:9-52:20
276            android:name="androidx.profileinstaller.ProfileInstallReceiver"
276-->[androidx.profileinstaller:profileinstaller:1.3.1] AndroidManifest.xml:35:13-76
277            android:directBootAware="false"
277-->[androidx.profileinstaller:profileinstaller:1.3.1] AndroidManifest.xml:36:13-44
278            android:enabled="true"
278-->[androidx.profileinstaller:profileinstaller:1.3.1] AndroidManifest.xml:37:13-35
279            android:exported="true"
279-->[androidx.profileinstaller:profileinstaller:1.3.1] AndroidManifest.xml:38:13-36
280            android:permission="android.permission.DUMP" >
280-->[androidx.profileinstaller:profileinstaller:1.3.1] AndroidManifest.xml:39:13-57